[DEBUG][21-12-03][org.apache.ibatis.logging.LogFactory]Logging initialized using 'class org.apache.ibatis.logging.log4j.Log4jImpl' adapter.
[DEBUG][21-12-03][org.apache.ibatis.logging.LogFactory]Logging initialized using 'class org.apache.ibatis.logging.log4j.Log4jImpl' adapter.
[DEBUG][21-12-03][org.apache.ibatis.datasource.pooled.PooledDataSource]PooledDataSource forcefully closed/removed all connections.
[DEBUG][21-12-03][org.apache.ibatis.datasource.pooled.PooledDataSource]PooledDataSource forcefully closed/removed all connections.
[DEBUG][21-12-03][org.apache.ibatis.datasource.pooled.PooledDataSource]PooledDataSource forcefully closed/removed all connections.
[DEBUG][21-12-03][org.apache.ibatis.datasource.pooled.PooledDataSource]PooledDataSource forcefully closed/removed all connections.
[DEBUG][21-12-03][org.apache.ibatis.transaction.jdbc.JdbcTransaction]Opening JDBC Connection
[DEBUG][21-12-03][org.apache.ibatis.datasource.pooled.PooledDataSource]Created connection 139947936.
[DEBUG][21-12-03][org.apache.ibatis.transaction.jdbc.JdbcTransaction]Setting autocommit to false on JDBC Connection [com.mysql.cj.jdbc.ConnectionImpl@8576fa0]
[DEBUG][21-12-03][com.yifan.dao.UserMapper.getUserList]==>  Preparing: select * from demo.user
[DEBUG][21-12-03][com.yifan.dao.UserMapper.getUserList]==> Parameters: 
[DEBUG][21-12-03][com.yifan.dao.UserMapper.getUserList]<==      Total: 2
[DEBUG][21-12-03][org.apache.ibatis.transaction.jdbc.JdbcTransaction]Resetting autocommit to true on JDBC Connection [com.mysql.cj.jdbc.ConnectionImpl@8576fa0]
[DEBUG][21-12-03][org.apache.ibatis.transaction.jdbc.JdbcTransaction]Closing JDBC Connection [com.mysql.cj.jdbc.ConnectionImpl@8576fa0]
[DEBUG][21-12-03][org.apache.ibatis.datasource.pooled.PooledDataSource]Returned connection 139947936 to pool.
[DEBUG][21-12-03][org.apache.ibatis.logging.LogFactory]Logging initialized using 'class org.apache.ibatis.logging.log4j.Log4jImpl' adapter.
[DEBUG][21-12-03][org.apache.ibatis.logging.LogFactory]Logging initialized using 'class org.apache.ibatis.logging.log4j.Log4jImpl' adapter.
[DEBUG][21-12-03][org.apache.ibatis.datasource.pooled.PooledDataSource]PooledDataSource forcefully closed/removed all connections.
[DEBUG][21-12-03][org.apache.ibatis.datasource.pooled.PooledDataSource]PooledDataSource forcefully closed/removed all connections.
[DEBUG][21-12-03][org.apache.ibatis.datasource.pooled.PooledDataSource]PooledDataSource forcefully closed/removed all connections.
[DEBUG][21-12-03][org.apache.ibatis.datasource.pooled.PooledDataSource]PooledDataSource forcefully closed/removed all connections.
[DEBUG][21-12-03][org.apache.ibatis.transaction.jdbc.JdbcTransaction]Opening JDBC Connection
[DEBUG][21-12-03][org.apache.ibatis.datasource.pooled.PooledDataSource]Created connection 851912430.
[DEBUG][21-12-03][org.apache.ibatis.transaction.jdbc.JdbcTransaction]Setting autocommit to false on JDBC Connection [com.mysql.cj.jdbc.ConnectionImpl@32c726ee]
[DEBUG][21-12-03][com.yifan.dao.UserMapper.getUserList]==>  Preparing: select * from demo.user
[DEBUG][21-12-03][com.yifan.dao.UserMapper.getUserList]==> Parameters: 
[DEBUG][21-12-03][com.yifan.dao.UserMapper.getUserList]<==      Total: 2
[DEBUG][21-12-03][org.apache.ibatis.transaction.jdbc.JdbcTransaction]Resetting autocommit to true on JDBC Connection [com.mysql.cj.jdbc.ConnectionImpl@32c726ee]
[DEBUG][21-12-03][org.apache.ibatis.transaction.jdbc.JdbcTransaction]Closing JDBC Connection [com.mysql.cj.jdbc.ConnectionImpl@32c726ee]
[DEBUG][21-12-03][org.apache.ibatis.datasource.pooled.PooledDataSource]Returned connection 851912430 to pool.
